<?xml version="1.0" encoding="UTF-8"?>
<!-- Generated by org.testng.reporters.JUnitReportReporter -->
<testsuite hostname="KunalPC" failures="1" tests="15" name="AakashVeloity.HomePageTestAakash" time="55.105" errors="0" timestamp="2023-03-13T15:33:52 IST" skipped="0">
  <testcase classname="AakashVeloity.HomePageTestAakash" name="homepageTitleTest" time="3.185"/>
  <system-out/>
  <testcase classname="AakashVeloity.HomePageTestAakash" name="homepageTitleTest" time="4.787"/>
  <system-out/>
  <testcase classname="AakashVeloity.HomePageTestAakash" name="homepageTitleTest" time="3.131"/>
  <system-out/>
  <testcase classname="AakashVeloity.HomePageTestAakash" name="homePageURL" time="4.767">
    <failure message="The following asserts failed:
	expected [https://rahulshettyacademy.com/client/auth/login] but found [https://rahulshettyacademy.com/client/dashboard/dash]" type="java.lang.AssertionError">
      <![CDATA[java.lang.AssertionError: The following asserts failed:
expected [https://rahulshettyacademy.com/client/auth/login] but found [https://rahulshettyacademy.com/client/dashboard/dash]
at org.testng.asserts.SoftAssert.assertAll(SoftAssert.java:47)
at org.testng.asserts.SoftAssert.assertAll(SoftAssert.java:31)
at AakashVeloity.HomePageTestAakash.homePageURL(HomePageTestAakash.java:96)
at java.base/jdk.internal.reflect.DirectMethodHandleAccessor.invoke(DirectMethodHandleAccessor.java:104)
at java.base/java.lang.reflect.Method.invoke(Method.java:578)
at org.testng.internal.MethodInvocationHelper.invokeMethod(MethodInvocationHelper.java:133)
at org.testng.internal.TestInvoker.invokeMethod(TestInvoker.java:598)
at org.testng.internal.TestInvoker.invokeTestMethod(TestInvoker.java:173)
at org.testng.internal.MethodRunner.runInSequence(MethodRunner.java:46)
at org.testng.internal.TestInvoker$MethodInvocationAgent.invoke(TestInvoker.java:824)
at org.testng.internal.TestInvoker.invokeTestMethods(TestInvoker.java:146)
at org.testng.internal.TestMethodWorker.invokeTestMethods(TestMethodWorker.java:146)
at org.testng.internal.TestMethodWorker.run(TestMethodWorker.java:128)
at java.base/java.util.concurrent.ThreadPoolExecutor.runWorker(ThreadPoolExecutor.java:1144)
at java.base/java.util.concurrent.ThreadPoolExecutor$Worker.run(ThreadPoolExecutor.java:642)
at java.base/java.lang.Thread.run(Thread.java:1589)
]]>
    </failure>
  </testcase> <!-- homePageURL -->
  <system-out/>
  <testcase classname="AakashVeloity.HomePageTestAakash" name="homePageURL" time="2.992"/>
  <system-out/>
  <testcase classname="AakashVeloity.HomePageTestAakash" name="homePageURL" time="3.018"/>
  <system-out/>
  <testcase classname="AakashVeloity.HomePageTestAakash" name="logoTest" time="3.160"/>
  <system-out/>
  <testcase classname="AakashVeloity.HomePageTestAakash" name="logoTest" time="2.961"/>
  <system-out/>
  <testcase classname="AakashVeloity.HomePageTestAakash" name="logoTest" time="3.022"/>
  <system-out/>
  <testcase classname="AakashVeloity.HomePageTestAakash" name="addToCartCart" time="3.927"/>
  <system-out/>
  <testcase classname="AakashVeloity.HomePageTestAakash" name="addToCartCart" time="3.427"/>
  <system-out/>
  <testcase classname="AakashVeloity.HomePageTestAakash" name="addToCartCart" time="4.013"/>
  <system-out/>
  <testcase classname="AakashVeloity.HomePageTestAakash" name="clickCart" time="3.557"/>
  <system-out/>
  <testcase classname="AakashVeloity.HomePageTestAakash" name="clickCart" time="5.676"/>
  <system-out/>
  <testcase classname="AakashVeloity.HomePageTestAakash" name="clickCart" time="3.482"/>
  <system-out/>
</testsuite> <!-- AakashVeloity.HomePageTestAakash -->
