<?xml version="1.0" encoding="UTF-8"?>
<!-- Generated by org.testng.reporters.JUnitXMLReporter -->
<testsuite ignored="0" hostname="KunalPC" failures="0" tests="4" name="Default test" time="0.116" errors="0" timestamp="2023-02-23T23:20:04 IST">
  <testcase classname="AakashVeloity.HomePageTestAakash" name="@BeforeTest launchBrowser" time="-1.677174604339E9">
    <failure type="org.testng.TestNGException" message="
Parameter &amp;apos;browserName&amp;apos; is required by BeforeTest on method launchBrowser but has not been marked @Optional or defined
in C:\Users\jumal\AppData\Local\Temp\testng-eclipse-994317348\testng-customsuite.xml">
      <![CDATA[org.testng.TestNGException: 
Parameter 'browserName' is required by BeforeTest on method launchBrowser but has not been marked @Optional or defined
in C:\Users\jumal\AppData\Local\Temp\testng-eclipse-994317348\testng-customsuite.xml
at org.testng.internal.Parameters.createParams(Parameters.java:270)
at org.testng.internal.Parameters.createParametersForMethod(Parameters.java:358)
at org.testng.internal.Parameters.createParameters(Parameters.java:700)
at org.testng.internal.Parameters.createConfigurationParameters(Parameters.java:168)
at org.testng.internal.ConfigInvoker.invokeConfigurations(ConfigInvoker.java:302)
at org.testng.TestRunner.invokeTestConfigurations(TestRunner.java:637)
at org.testng.TestRunner.beforeRun(TestRunner.java:627)
at org.testng.TestRunner.run(TestRunner.java:589)
at org.testng.SuiteRunner.runTest(SuiteRunner.java:377)
at org.testng.SuiteRunner.runSequentially(SuiteRunner.java:371)
at org.testng.SuiteRunner.privateRun(SuiteRunner.java:332)
at org.testng.SuiteRunner.run(SuiteRunner.java:276)
at org.testng.SuiteRunnerWorker.runSuite(SuiteRunnerWorker.java:53)
at org.testng.SuiteRunnerWorker.run(SuiteRunnerWorker.java:96)
at org.testng.TestNG.runSuitesSequentially(TestNG.java:1212)
at org.testng.TestNG.runSuitesLocally(TestNG.java:1134)
at org.testng.TestNG.runSuites(TestNG.java:1063)
at org.testng.TestNG.run(TestNG.java:1031)
at org.testng.remote.AbstractRemoteTestNG.run(AbstractRemoteTestNG.java:115)
at org.testng.remote.RemoteTestNG.initAndRun(RemoteTestNG.java:251)
at org.testng.remote.RemoteTestNG.main(RemoteTestNG.java:77)
]]>
    </failure>
  </testcase> <!-- @BeforeTest launchBrowser -->
  <testcase classname="AakashVeloity.HomePageTestAakash" name="@BeforeClass createPOMObject" time="-1.67717460438E9">
    <skipped/>
  </testcase> <!-- @BeforeClass createPOMObject -->
  <testcase classname="AakashVeloity.HomePageTestAakash" name="@BeforeMethod SetUp" time="-1.677174604396E9">
    <skipped/>
  </testcase> <!-- @BeforeMethod SetUp -->
  <testcase classname="AakashVeloity.HomePageTestAakash" name="@AfterMethod logout" time="-1.677174604407E9">
    <skipped/>
  </testcase> <!-- @AfterMethod logout -->
  <testcase classname="AakashVeloity.HomePageTestAakash" name="@BeforeMethod SetUp" time="-1.677174604412E9">
    <skipped/>
  </testcase> <!-- @BeforeMethod SetUp -->
  <testcase classname="AakashVeloity.HomePageTestAakash" name="@AfterMethod logout" time="-1.677174604421E9">
    <skipped/>
  </testcase> <!-- @AfterMethod logout -->
  <testcase classname="AakashVeloity.HomePageTestAakash" name="@BeforeMethod SetUp" time="-1.677174604423E9">
    <skipped/>
  </testcase> <!-- @BeforeMethod SetUp -->
  <testcase classname="AakashVeloity.HomePageTestAakash" name="@AfterMethod logout" time="-1.677174604429E9">
    <skipped/>
  </testcase> <!-- @AfterMethod logout -->
  <testcase classname="AakashVeloity.HomePageTestAakash" name="@BeforeMethod SetUp" time="-1.677174604436E9">
    <skipped/>
  </testcase> <!-- @BeforeMethod SetUp -->
  <testcase classname="AakashVeloity.HomePageTestAakash" name="@AfterMethod logout" time="-1.67717460444E9">
    <skipped/>
  </testcase> <!-- @AfterMethod logout -->
  <testcase classname="AakashVeloity.HomePageTestAakash" name="@AfterClass clearObjects" time="-1.677174604443E9">
    <skipped/>
  </testcase> <!-- @AfterClass clearObjects -->
  <testcase classname="AakashVeloity.HomePageTestAakash" name="@AfterTest CloseBrowser" time="-1.677174604444E9">
    <skipped/>
  </testcase> <!-- @AfterTest CloseBrowser -->
  <testcase classname="AakashVeloity.HomePageTestAakash" name="homepageTitleTest" time="0.0">
    <skipped/>
  </testcase> <!-- homepageTitleTest -->
  <testcase classname="AakashVeloity.HomePageTestAakash" name="homePageURL" time="0.0">
    <skipped/>
  </testcase> <!-- homePageURL -->
  <testcase classname="AakashVeloity.HomePageTestAakash" name="logoTest" time="0.0">
    <skipped/>
  </testcase> <!-- logoTest -->
  <testcase classname="AakashVeloity.HomePageTestAakash" name="addToCartCart" time="0.0">
    <skipped/>
  </testcase> <!-- addToCartCart -->
</testsuite> <!-- Default test -->
